<?xml version="1.0" encoding="UTF-8"?>
<testng-results skipped="0" failed="0" ignored="0" total="2" passed="2">
  <reporter-output>
  </reporter-output>
  <suite name="Default suite" duration-ms="75" started-at="2022-03-31T11:44:54 IST" finished-at="2022-03-31T11:44:55 IST">
    <groups>
    </groups>
    <test name="Default test" duration-ms="75" started-at="2022-03-31T11:44:54 IST" finished-at="2022-03-31T11:44:55 IST">
      <class name="testng.T">
        <test-method status="PASS" signature="Beforeclass()[pri:0, instance:testng.T@2d8f65a4]" name="Beforeclass" is-config="true" duration-ms="5" started-at="2022-03-31T11:44:54 IST" finished-at="2022-03-31T11:44:54 IST">
          <reporter-output>
          </reporter-output>
        </test-method> <!-- Beforeclass -->
        <test-method status="PASS" signature="beforemethod()[pri:0, instance:testng.T@2d8f65a4]" name="beforemethod" is-config="true" duration-ms="0" started-at="2022-03-31T11:44:54 IST" finished-at="2022-03-31T11:44:54 IST">
          <reporter-output>
          </reporter-output>
        </test-method> <!-- beforemethod -->
        <test-method status="PASS" signature="test1()[pri:0, instance:testng.T@2d8f65a4]" name="test1" duration-ms="17" started-at="2022-03-31T11:44:54 IST" finished-at="2022-03-31T11:44:55 IST">
          <reporter-output>
          </reporter-output>
        </test-method> <!-- test1 -->
        <test-method status="PASS" signature="aftermthod()[pri:0, instance:testng.T@2d8f65a4]" name="aftermthod" is-config="true" duration-ms="1" started-at="2022-03-31T11:44:55 IST" finished-at="2022-03-31T11:44:55 IST">
          <reporter-output>
          </reporter-output>
        </test-method> <!-- aftermthod -->
        <test-method status="PASS" signature="beforemethod()[pri:0, instance:testng.T@2d8f65a4]" name="beforemethod" is-config="true" duration-ms="1" started-at="2022-03-31T11:44:55 IST" finished-at="2022-03-31T11:44:55 IST">
          <reporter-output>
          </reporter-output>
        </test-method> <!-- beforemethod -->
        <test-method status="PASS" signature="test2()[pri:0, instance:testng.T@2d8f65a4]" name="test2" duration-ms="1" started-at="2022-03-31T11:44:55 IST" finished-at="2022-03-31T11:44:55 IST">
          <reporter-output>
          </reporter-output>
        </test-method> <!-- test2 -->
        <test-method status="PASS" signature="aftermthod()[pri:0, instance:testng.T@2d8f65a4]" name="aftermthod" is-config="true" duration-ms="1" started-at="2022-03-31T11:44:55 IST" finished-at="2022-03-31T11:44:55 IST">
          <reporter-output>
          </reporter-output>
        </test-method> <!-- aftermthod -->
        <test-method status="PASS" signature="Afterclass()[pri:0, instance:testng.T@2d8f65a4]" name="Afterclass" is-config="true" duration-ms="1" started-at="2022-03-31T11:44:55 IST" finished-at="2022-03-31T11:44:55 IST">
          <reporter-output>
          </reporter-output>
        </test-method> <!-- Afterclass -->
      </class> <!-- testng.T -->
    </test> <!-- Default test -->
  </suite> <!-- Default suite -->
</testng-results>
